[debug] [2019-03-20T14:59:14.877Z] ----------------------------------------------------------------------
[debug] [2019-03-20T14:59:14.879Z] Command:       /Users/alejandroarroyo/.nvm/versions/node/v8.11.4/bin/node /Users/alejandroarroyo/.nvm/versions/node/v8.11.4/bin/firebase deploy
[debug] [2019-03-20T14:59:14.879Z] CLI Version:   6.5.0
[debug] [2019-03-20T14:59:14.879Z] Platform:      darwin
[debug] [2019-03-20T14:59:14.879Z] Node Version:  v8.11.4
[debug] [2019-03-20T14:59:14.880Z] Time:          Wed Mar 20 2019 15:59:14 GMT+0100 (CET)
[debug] [2019-03-20T14:59:14.880Z] ----------------------------------------------------------------------
[debug] 
[debug] [2019-03-20T14:59:14.894Z] > command requires scopes: ["email","openid","https://www.googleapis.com/auth/cloudplatformprojects.readonly","https://www.googleapis.com/auth/firebase","https://www.googleapis.com/auth/cloud-platform"]
[debug] [2019-03-20T14:59:14.894Z] > authorizing via signed-in user
[debug] [2019-03-20T14:59:14.894Z] [iam] checking project amiibum for permissions ["firebase.projects.get","firebasehosting.sites.update"]
[debug] [2019-03-20T14:59:14.896Z] >>> HTTP REQUEST POST https://cloudresourcemanager.googleapis.com/v1/projects/amiibum:testIamPermissions  

[debug] [2019-03-20T14:59:15.796Z] <<< HTTP RESPONSE 200
[debug] [2019-03-20T14:59:15.798Z] >>> HTTP REQUEST GET https://firebase.googleapis.com/v1beta1/projects/amiibum  
 
[debug] [2019-03-20T14:59:16.021Z] <<< HTTP RESPONSE 200
[info] 
[info] === Deploying to 'amiibum'...
[info] 
[info] i  deploying hosting
[debug] [2019-03-20T14:59:16.025Z] >>> HTTP REQUEST POST https://firebasehosting.googleapis.com/v1beta1/sites/amiibum/versions  

[debug] [2019-03-20T14:59:17.345Z] <<< HTTP RESPONSE 200
[info] i  hosting[amiibum]: beginning deploy...
[info] i  hosting[amiibum]: found 765 files in build/default
[debug] [2019-03-20T14:59:17.435Z] [hosting] hash cache [YnVpbGQvZGVmYXVsdA] load error: lines is not defined
[debug] [2019-03-20T14:59:17.994Z] [hosting] hash cache [YnVpbGQvZGVmYXVsdA] stored for 765 files
[debug] [2019-03-20T14:59:17.994Z] [hosting][hash queue][FINAL]
[debug] [2019-03-20T14:59:17.994Z] >>> HTTP REQUEST POST https://firebasehosting.googleapis.com/v1beta1/sites/amiibum/versions/3065890773533d31:populateFiles  
 <request body omitted>
[debug] [2019-03-20T14:59:23.889Z] <<< HTTP RESPONSE 200
[debug] [2019-03-20T14:59:23.893Z] [hosting][populate queue][FINAL]
[debug] [2019-03-20T14:59:23.893Z] [hosting] uploads queued: 6
[debug] [2019-03-20T14:59:26.421Z] [hosting][upload queue][FINAL]
[info] ✔  hosting[amiibum]: file upload complete
[debug] [2019-03-20T14:59:26.421Z] [hosting] deploy completed after 9075ms
[debug] [2019-03-20T14:59:26.422Z] [
  {
    "config": {
      "public": "build/default",
      "ignore": [
        "firebase.json",
        "**/.*"
      ],
      "rewrites": [
        {
          "source": "**",
          "destination": "/index.html"
        }
      ],
      "site": "amiibum"
    },
    "site": "amiibum",
    "version": "sites/amiibum/versions/3065890773533d31"
  }
]
[info] i  hosting[amiibum]: finalizing version...
[debug] [2019-03-20T14:59:26.423Z] >>> HTTP REQUEST PATCH https://firebasehosting.googleapis.com/v1beta1/sites/amiibum/versions/3065890773533d31?updateMask=status  

